<?xml version="1.0" encoding="UTF-8"?>
<!-- Generated by org.testng.reporters.JUnitReportReporter -->
<testsuite hostname="DESKTOP-0FPO0BM" failures="0" tests="2" name="pack1.Basics" time="9.913" errors="0" timestamp="2024-11-07T11:52:44 IST" skipped="0">
  <testcase classname="pack1.Basics" name="methodOne" time="7.394"/>
  <testcase classname="pack1.Basics" name="methodTwo" time="2.519"/>
</testsuite> <!-- pack1.Basics -->
